[0.200s] DEBUG:colcon:Command line arguments: ['/usr/bin/colcon', 'list', '-p', '--base-paths', '/home/main/voltron/Voltron-UTD.github.io-1']
[0.200s] DEBUG:colcon:Parsed command line arguments: Namespace(base_paths=['/home/main/voltron/Voltron-UTD.github.io-1'], build_base='build', ignore_user_meta=False, log_base=None, log_level=None, main=<bound method ListVerb.main of <colcon_package_information.verb.list.ListVerb object at 0x7f095177f310>>, metas=['./colcon.meta'], names_only=False, packages_above=None, packages_above_and_dependencies=None, packages_above_depth=None, packages_end=None, packages_ignore=None, packages_ignore_regex=None, packages_select=None, packages_select_build_failed=False, packages_select_by_dep=None, packages_select_regex=None, packages_select_test_failures=False, packages_skip=None, packages_skip_build_finished=False, packages_skip_by_dep=None, packages_skip_regex=None, packages_skip_test_passed=False, packages_skip_up_to=None, packages_start=None, packages_up_to=None, packages_up_to_regex=None, paths=None, paths_only=True, topological_graph=False, topological_graph_density=False, topological_graph_dot=False, topological_graph_dot_cluster=False, topological_graph_dot_include_skipped=False, topological_graph_legend=False, topological_order=False, verb_extension=<colcon_package_information.verb.list.ListVerb object at 0x7f095177f310>, verb_name='list', verb_parser=<colcon_defaults.argument_parser.defaults.DefaultArgumentsDecorator object at 0x7f0951673ac0>)
[0.227s] Level 1:colcon.colcon_core.package_discovery:discover_packages(colcon_meta) check parameters
[0.227s] Level 1:colcon.colcon_core.package_discovery:discover_packages(recursive) check parameters
[0.227s] Level 1:colcon.colcon_core.package_discovery:discover_packages(ignore) check parameters
[0.227s] Level 1:colcon.colcon_core.package_discovery:discover_packages(path) check parameters
[0.227s] Level 1:colcon.colcon_core.package_discovery:discover_packages(recursive) discover
[0.227s] INFO:colcon.colcon_core.package_discovery:Crawling recursively for packages in '/home/main/voltron/Voltron-UTD.github.io-1'
[0.227s] Level 1:colcon.colcon_core.package_identification:_identify(/home/main/voltron/Voltron-UTD.github.io-1) by extensions ['ignore', 'ignore_ament_install']
[0.227s] Level 1:colcon.colcon_core.package_identification:_identify(/home/main/voltron/Voltron-UTD.github.io-1) by extension 'ignore'
[0.227s] Level 1:colcon.colcon_core.package_identification:_identify(/home/main/voltron/Voltron-UTD.github.io-1) by extension 'ignore_ament_install'
[0.227s] Level 1:colcon.colcon_core.package_identification:_identify(/home/main/voltron/Voltron-UTD.github.io-1) by extensions ['colcon_pkg']
[0.227s] Level 1:colcon.colcon_core.package_identification:_identify(/home/main/voltron/Voltron-UTD.github.io-1) by extension 'colcon_pkg'
[0.227s] Level 1:colcon.colcon_core.package_identification:_identify(/home/main/voltron/Voltron-UTD.github.io-1) by extensions ['colcon_meta']
[0.227s] Level 1:colcon.colcon_core.package_identification:_identify(/home/main/voltron/Voltron-UTD.github.io-1) by extension 'colcon_meta'
[0.228s] Level 1:colcon.colcon_core.package_identification:_identify(/home/main/voltron/Voltron-UTD.github.io-1) by extensions ['ros']
[0.228s] Level 1:colcon.colcon_core.package_identification:_identify(/home/main/voltron/Voltron-UTD.github.io-1) by extension 'ros'
[0.236s] Level 1:colcon.colcon_core.package_identification:_identify(/home/main/voltron/Voltron-UTD.github.io-1) by extensions ['cmake', 'python']
[0.236s] Level 1:colcon.colcon_core.package_identification:_identify(/home/main/voltron/Voltron-UTD.github.io-1) by extension 'cmake'
[0.236s] Level 1:colcon.colcon_core.package_identification:_identify(/home/main/voltron/Voltron-UTD.github.io-1) by extension 'python'
[0.236s] Level 1:colcon.colcon_core.package_identification:_identify(/home/main/voltron/Voltron-UTD.github.io-1) by extensions ['python_setup_py']
[0.236s] Level 1:colcon.colcon_core.package_identification:_identify(/home/main/voltron/Voltron-UTD.github.io-1) by extension 'python_setup_py'
[0.236s] Level 1:colcon.colcon_core.package_identification:_identify(/home/main/voltron/Voltron-UTD.github.io-1/_layouts) by extensions ['ignore', 'ignore_ament_install']
[0.236s] Level 1:colcon.colcon_core.package_identification:_identify(/home/main/voltron/Voltron-UTD.github.io-1/_layouts) by extension 'ignore'
[0.236s] Level 1:colcon.colcon_core.package_identification:_identify(/home/main/voltron/Voltron-UTD.github.io-1/_layouts) by extension 'ignore_ament_install'
[0.236s] Level 1:colcon.colcon_core.package_identification:_identify(/home/main/voltron/Voltron-UTD.github.io-1/_layouts) by extensions ['colcon_pkg']
[0.236s] Level 1:colcon.colcon_core.package_identification:_identify(/home/main/voltron/Voltron-UTD.github.io-1/_layouts) by extension 'colcon_pkg'
[0.236s] Level 1:colcon.colcon_core.package_identification:_identify(/home/main/voltron/Voltron-UTD.github.io-1/_layouts) by extensions ['colcon_meta']
[0.236s] Level 1:colcon.colcon_core.package_identification:_identify(/home/main/voltron/Voltron-UTD.github.io-1/_layouts) by extension 'colcon_meta'
[0.236s] Level 1:colcon.colcon_core.package_identification:_identify(/home/main/voltron/Voltron-UTD.github.io-1/_layouts) by extensions ['ros']
[0.236s] Level 1:colcon.colcon_core.package_identification:_identify(/home/main/voltron/Voltron-UTD.github.io-1/_layouts) by extension 'ros'
[0.237s] Level 1:colcon.colcon_core.package_identification:_identify(/home/main/voltron/Voltron-UTD.github.io-1/_layouts) by extensions ['cmake', 'python']
[0.237s] Level 1:colcon.colcon_core.package_identification:_identify(/home/main/voltron/Voltron-UTD.github.io-1/_layouts) by extension 'cmake'
[0.237s] Level 1:colcon.colcon_core.package_identification:_identify(/home/main/voltron/Voltron-UTD.github.io-1/_layouts) by extension 'python'
[0.237s] Level 1:colcon.colcon_core.package_identification:_identify(/home/main/voltron/Voltron-UTD.github.io-1/_layouts) by extensions ['python_setup_py']
[0.237s] Level 1:colcon.colcon_core.package_identification:_identify(/home/main/voltron/Voltron-UTD.github.io-1/_layouts) by extension 'python_setup_py'
[0.237s] Level 1:colcon.colcon_core.package_identification:_identify(/home/main/voltron/Voltron-UTD.github.io-1/_posts) by extensions ['ignore', 'ignore_ament_install']
[0.237s] Level 1:colcon.colcon_core.package_identification:_identify(/home/main/voltron/Voltron-UTD.github.io-1/_posts) by extension 'ignore'
[0.237s] Level 1:colcon.colcon_core.package_identification:_identify(/home/main/voltron/Voltron-UTD.github.io-1/_posts) by extension 'ignore_ament_install'
[0.237s] Level 1:colcon.colcon_core.package_identification:_identify(/home/main/voltron/Voltron-UTD.github.io-1/_posts) by extensions ['colcon_pkg']
[0.237s] Level 1:colcon.colcon_core.package_identification:_identify(/home/main/voltron/Voltron-UTD.github.io-1/_posts) by extension 'colcon_pkg'
[0.237s] Level 1:colcon.colcon_core.package_identification:_identify(/home/main/voltron/Voltron-UTD.github.io-1/_posts) by extensions ['colcon_meta']
[0.237s] Level 1:colcon.colcon_core.package_identification:_identify(/home/main/voltron/Voltron-UTD.github.io-1/_posts) by extension 'colcon_meta'
[0.237s] Level 1:colcon.colcon_core.package_identification:_identify(/home/main/voltron/Voltron-UTD.github.io-1/_posts) by extensions ['ros']
[0.237s] Level 1:colcon.colcon_core.package_identification:_identify(/home/main/voltron/Voltron-UTD.github.io-1/_posts) by extension 'ros'
[0.237s] Level 1:colcon.colcon_core.package_identification:_identify(/home/main/voltron/Voltron-UTD.github.io-1/_posts) by extensions ['cmake', 'python']
[0.237s] Level 1:colcon.colcon_core.package_identification:_identify(/home/main/voltron/Voltron-UTD.github.io-1/_posts) by extension 'cmake'
[0.237s] Level 1:colcon.colcon_core.package_identification:_identify(/home/main/voltron/Voltron-UTD.github.io-1/_posts) by extension 'python'
[0.237s] Level 1:colcon.colcon_core.package_identification:_identify(/home/main/voltron/Voltron-UTD.github.io-1/_posts) by extensions ['python_setup_py']
[0.237s] Level 1:colcon.colcon_core.package_identification:_identify(/home/main/voltron/Voltron-UTD.github.io-1/_posts) by extension 'python_setup_py'
[0.237s] Level 1:colcon.colcon_core.package_identification:_identify(/home/main/voltron/Voltron-UTD.github.io-1/_site) by extensions ['ignore', 'ignore_ament_install']
[0.237s] Level 1:colcon.colcon_core.package_identification:_identify(/home/main/voltron/Voltron-UTD.github.io-1/_site) by extension 'ignore'
[0.237s] Level 1:colcon.colcon_core.package_identification:_identify(/home/main/voltron/Voltron-UTD.github.io-1/_site) by extension 'ignore_ament_install'
[0.238s] Level 1:colcon.colcon_core.package_identification:_identify(/home/main/voltron/Voltron-UTD.github.io-1/_site) by extensions ['colcon_pkg']
[0.238s] Level 1:colcon.colcon_core.package_identification:_identify(/home/main/voltron/Voltron-UTD.github.io-1/_site) by extension 'colcon_pkg'
[0.238s] Level 1:colcon.colcon_core.package_identification:_identify(/home/main/voltron/Voltron-UTD.github.io-1/_site) by extensions ['colcon_meta']
[0.238s] Level 1:colcon.colcon_core.package_identification:_identify(/home/main/voltron/Voltron-UTD.github.io-1/_site) by extension 'colcon_meta'
[0.238s] Level 1:colcon.colcon_core.package_identification:_identify(/home/main/voltron/Voltron-UTD.github.io-1/_site) by extensions ['ros']
[0.238s] Level 1:colcon.colcon_core.package_identification:_identify(/home/main/voltron/Voltron-UTD.github.io-1/_site) by extension 'ros'
[0.238s] Level 1:colcon.colcon_core.package_identification:_identify(/home/main/voltron/Voltron-UTD.github.io-1/_site) by extensions ['cmake', 'python']
[0.238s] Level 1:colcon.colcon_core.package_identification:_identify(/home/main/voltron/Voltron-UTD.github.io-1/_site) by extension 'cmake'
[0.238s] Level 1:colcon.colcon_core.package_identification:_identify(/home/main/voltron/Voltron-UTD.github.io-1/_site) by extension 'python'
[0.238s] Level 1:colcon.colcon_core.package_identification:_identify(/home/main/voltron/Voltron-UTD.github.io-1/_site) by extensions ['python_setup_py']
[0.238s] Level 1:colcon.colcon_core.package_identification:_identify(/home/main/voltron/Voltron-UTD.github.io-1/_site) by extension 'python_setup_py'
[0.238s] Level 1:colcon.colcon_core.package_identification:_identify(/home/main/voltron/Voltron-UTD.github.io-1/_site/about) by extensions ['ignore', 'ignore_ament_install']
[0.238s] Level 1:colcon.colcon_core.package_identification:_identify(/home/main/voltron/Voltron-UTD.github.io-1/_site/about) by extension 'ignore'
[0.238s] Level 1:colcon.colcon_core.package_identification:_identify(/home/main/voltron/Voltron-UTD.github.io-1/_site/about) by extension 'ignore_ament_install'
[0.238s] Level 1:colcon.colcon_core.package_identification:_identify(/home/main/voltron/Voltron-UTD.github.io-1/_site/about) by extensions ['colcon_pkg']
[0.238s] Level 1:colcon.colcon_core.package_identification:_identify(/home/main/voltron/Voltron-UTD.github.io-1/_site/about) by extension 'colcon_pkg'
[0.238s] Level 1:colcon.colcon_core.package_identification:_identify(/home/main/voltron/Voltron-UTD.github.io-1/_site/about) by extensions ['colcon_meta']
[0.238s] Level 1:colcon.colcon_core.package_identification:_identify(/home/main/voltron/Voltron-UTD.github.io-1/_site/about) by extension 'colcon_meta'
[0.238s] Level 1:colcon.colcon_core.package_identification:_identify(/home/main/voltron/Voltron-UTD.github.io-1/_site/about) by extensions ['ros']
[0.238s] Level 1:colcon.colcon_core.package_identification:_identify(/home/main/voltron/Voltron-UTD.github.io-1/_site/about) by extension 'ros'
[0.238s] Level 1:colcon.colcon_core.package_identification:_identify(/home/main/voltron/Voltron-UTD.github.io-1/_site/about) by extensions ['cmake', 'python']
[0.238s] Level 1:colcon.colcon_core.package_identification:_identify(/home/main/voltron/Voltron-UTD.github.io-1/_site/about) by extension 'cmake'
[0.238s] Level 1:colcon.colcon_core.package_identification:_identify(/home/main/voltron/Voltron-UTD.github.io-1/_site/about) by extension 'python'
[0.238s] Level 1:colcon.colcon_core.package_identification:_identify(/home/main/voltron/Voltron-UTD.github.io-1/_site/about) by extensions ['python_setup_py']
[0.239s] Level 1:colcon.colcon_core.package_identification:_identify(/home/main/voltron/Voltron-UTD.github.io-1/_site/about) by extension 'python_setup_py'
[0.239s] Level 1:colcon.colcon_core.package_identification:_identify(/home/main/voltron/Voltron-UTD.github.io-1/_site/assets) by extensions ['ignore', 'ignore_ament_install']
[0.239s] Level 1:colcon.colcon_core.package_identification:_identify(/home/main/voltron/Voltron-UTD.github.io-1/_site/assets) by extension 'ignore'
[0.239s] Level 1:colcon.colcon_core.package_identification:_identify(/home/main/voltron/Voltron-UTD.github.io-1/_site/assets) by extension 'ignore_ament_install'
[0.239s] Level 1:colcon.colcon_core.package_identification:_identify(/home/main/voltron/Voltron-UTD.github.io-1/_site/assets) by extensions ['colcon_pkg']
[0.239s] Level 1:colcon.colcon_core.package_identification:_identify(/home/main/voltron/Voltron-UTD.github.io-1/_site/assets) by extension 'colcon_pkg'
[0.239s] Level 1:colcon.colcon_core.package_identification:_identify(/home/main/voltron/Voltron-UTD.github.io-1/_site/assets) by extensions ['colcon_meta']
[0.239s] Level 1:colcon.colcon_core.package_identification:_identify(/home/main/voltron/Voltron-UTD.github.io-1/_site/assets) by extension 'colcon_meta'
[0.239s] Level 1:colcon.colcon_core.package_identification:_identify(/home/main/voltron/Voltron-UTD.github.io-1/_site/assets) by extensions ['ros']
[0.239s] Level 1:colcon.colcon_core.package_identification:_identify(/home/main/voltron/Voltron-UTD.github.io-1/_site/assets) by extension 'ros'
[0.239s] Level 1:colcon.colcon_core.package_identification:_identify(/home/main/voltron/Voltron-UTD.github.io-1/_site/assets) by extensions ['cmake', 'python']
[0.239s] Level 1:colcon.colcon_core.package_identification:_identify(/home/main/voltron/Voltron-UTD.github.io-1/_site/assets) by extension 'cmake'
[0.239s] Level 1:colcon.colcon_core.package_identification:_identify(/home/main/voltron/Voltron-UTD.github.io-1/_site/assets) by extension 'python'
[0.239s] Level 1:colcon.colcon_core.package_identification:_identify(/home/main/voltron/Voltron-UTD.github.io-1/_site/assets) by extensions ['python_setup_py']
[0.239s] Level 1:colcon.colcon_core.package_identification:_identify(/home/main/voltron/Voltron-UTD.github.io-1/_site/assets) by extension 'python_setup_py'
[0.239s] Level 1:colcon.colcon_core.package_identification:_identify(/home/main/voltron/Voltron-UTD.github.io-1/_site/assets/css) by extensions ['ignore', 'ignore_ament_install']
[0.239s] Level 1:colcon.colcon_core.package_identification:_identify(/home/main/voltron/Voltron-UTD.github.io-1/_site/assets/css) by extension 'ignore'
[0.239s] Level 1:colcon.colcon_core.package_identification:_identify(/home/main/voltron/Voltron-UTD.github.io-1/_site/assets/css) by extension 'ignore_ament_install'
[0.239s] Level 1:colcon.colcon_core.package_identification:_identify(/home/main/voltron/Voltron-UTD.github.io-1/_site/assets/css) by extensions ['colcon_pkg']
[0.239s] Level 1:colcon.colcon_core.package_identification:_identify(/home/main/voltron/Voltron-UTD.github.io-1/_site/assets/css) by extension 'colcon_pkg'
[0.239s] Level 1:colcon.colcon_core.package_identification:_identify(/home/main/voltron/Voltron-UTD.github.io-1/_site/assets/css) by extensions ['colcon_meta']
[0.239s] Level 1:colcon.colcon_core.package_identification:_identify(/home/main/voltron/Voltron-UTD.github.io-1/_site/assets/css) by extension 'colcon_meta'
[0.240s] Level 1:colcon.colcon_core.package_identification:_identify(/home/main/voltron/Voltron-UTD.github.io-1/_site/assets/css) by extensions ['ros']
[0.240s] Level 1:colcon.colcon_core.package_identification:_identify(/home/main/voltron/Voltron-UTD.github.io-1/_site/assets/css) by extension 'ros'
[0.240s] Level 1:colcon.colcon_core.package_identification:_identify(/home/main/voltron/Voltron-UTD.github.io-1/_site/assets/css) by extensions ['cmake', 'python']
[0.240s] Level 1:colcon.colcon_core.package_identification:_identify(/home/main/voltron/Voltron-UTD.github.io-1/_site/assets/css) by extension 'cmake'
[0.240s] Level 1:colcon.colcon_core.package_identification:_identify(/home/main/voltron/Voltron-UTD.github.io-1/_site/assets/css) by extension 'python'
[0.240s] Level 1:colcon.colcon_core.package_identification:_identify(/home/main/voltron/Voltron-UTD.github.io-1/_site/assets/css) by extensions ['python_setup_py']
[0.240s] Level 1:colcon.colcon_core.package_identification:_identify(/home/main/voltron/Voltron-UTD.github.io-1/_site/assets/css) by extension 'python_setup_py'
[0.240s] Level 1:colcon.colcon_core.package_identification:_identify(/home/main/voltron/Voltron-UTD.github.io-1/_site/assets/fonts) by extensions ['ignore', 'ignore_ament_install']
[0.240s] Level 1:colcon.colcon_core.package_identification:_identify(/home/main/voltron/Voltron-UTD.github.io-1/_site/assets/fonts) by extension 'ignore'
[0.240s] Level 1:colcon.colcon_core.package_identification:_identify(/home/main/voltron/Voltron-UTD.github.io-1/_site/assets/fonts) by extension 'ignore_ament_install'
[0.240s] Level 1:colcon.colcon_core.package_identification:_identify(/home/main/voltron/Voltron-UTD.github.io-1/_site/assets/fonts) by extensions ['colcon_pkg']
[0.240s] Level 1:colcon.colcon_core.package_identification:_identify(/home/main/voltron/Voltron-UTD.github.io-1/_site/assets/fonts) by extension 'colcon_pkg'
[0.240s] Level 1:colcon.colcon_core.package_identification:_identify(/home/main/voltron/Voltron-UTD.github.io-1/_site/assets/fonts) by extensions ['colcon_meta']
[0.240s] Level 1:colcon.colcon_core.package_identification:_identify(/home/main/voltron/Voltron-UTD.github.io-1/_site/assets/fonts) by extension 'colcon_meta'
[0.240s] Level 1:colcon.colcon_core.package_identification:_identify(/home/main/voltron/Voltron-UTD.github.io-1/_site/assets/fonts) by extensions ['ros']
[0.240s] Level 1:colcon.colcon_core.package_identification:_identify(/home/main/voltron/Voltron-UTD.github.io-1/_site/assets/fonts) by extension 'ros'
[0.240s] Level 1:colcon.colcon_core.package_identification:_identify(/home/main/voltron/Voltron-UTD.github.io-1/_site/assets/fonts) by extensions ['cmake', 'python']
[0.240s] Level 1:colcon.colcon_core.package_identification:_identify(/home/main/voltron/Voltron-UTD.github.io-1/_site/assets/fonts) by extension 'cmake'
[0.240s] Level 1:colcon.colcon_core.package_identification:_identify(/home/main/voltron/Voltron-UTD.github.io-1/_site/assets/fonts) by extension 'python'
[0.240s] Level 1:colcon.colcon_core.package_identification:_identify(/home/main/voltron/Voltron-UTD.github.io-1/_site/assets/fonts) by extensions ['python_setup_py']
[0.240s] Level 1:colcon.colcon_core.package_identification:_identify(/home/main/voltron/Voltron-UTD.github.io-1/_site/assets/fonts) by extension 'python_setup_py'
[0.240s] Level 1:colcon.colcon_core.package_identification:_identify(/home/main/voltron/Voltron-UTD.github.io-1/_site/assets/fonts/Noto-Sans-700) by extensions ['ignore', 'ignore_ament_install']
[0.241s] Level 1:colcon.colcon_core.package_identification:_identify(/home/main/voltron/Voltron-UTD.github.io-1/_site/assets/fonts/Noto-Sans-700) by extension 'ignore'
[0.241s] Level 1:colcon.colcon_core.package_identification:_identify(/home/main/voltron/Voltron-UTD.github.io-1/_site/assets/fonts/Noto-Sans-700) by extension 'ignore_ament_install'
[0.241s] Level 1:colcon.colcon_core.package_identification:_identify(/home/main/voltron/Voltron-UTD.github.io-1/_site/assets/fonts/Noto-Sans-700) by extensions ['colcon_pkg']
[0.241s] Level 1:colcon.colcon_core.package_identification:_identify(/home/main/voltron/Voltron-UTD.github.io-1/_site/assets/fonts/Noto-Sans-700) by extension 'colcon_pkg'
[0.241s] Level 1:colcon.colcon_core.package_identification:_identify(/home/main/voltron/Voltron-UTD.github.io-1/_site/assets/fonts/Noto-Sans-700) by extensions ['colcon_meta']
[0.241s] Level 1:colcon.colcon_core.package_identification:_identify(/home/main/voltron/Voltron-UTD.github.io-1/_site/assets/fonts/Noto-Sans-700) by extension 'colcon_meta'
[0.241s] Level 1:colcon.colcon_core.package_identification:_identify(/home/main/voltron/Voltron-UTD.github.io-1/_site/assets/fonts/Noto-Sans-700) by extensions ['ros']
[0.241s] Level 1:colcon.colcon_core.package_identification:_identify(/home/main/voltron/Voltron-UTD.github.io-1/_site/assets/fonts/Noto-Sans-700) by extension 'ros'
[0.241s] Level 1:colcon.colcon_core.package_identification:_identify(/home/main/voltron/Voltron-UTD.github.io-1/_site/assets/fonts/Noto-Sans-700) by extensions ['cmake', 'python']
[0.241s] Level 1:colcon.colcon_core.package_identification:_identify(/home/main/voltron/Voltron-UTD.github.io-1/_site/assets/fonts/Noto-Sans-700) by extension 'cmake'
[0.241s] Level 1:colcon.colcon_core.package_identification:_identify(/home/main/voltron/Voltron-UTD.github.io-1/_site/assets/fonts/Noto-Sans-700) by extension 'python'
[0.241s] Level 1:colcon.colcon_core.package_identification:_identify(/home/main/voltron/Voltron-UTD.github.io-1/_site/assets/fonts/Noto-Sans-700) by extensions ['python_setup_py']
[0.241s] Level 1:colcon.colcon_core.package_identification:_identify(/home/main/voltron/Voltron-UTD.github.io-1/_site/assets/fonts/Noto-Sans-700) by extension 'python_setup_py'
[0.241s] Level 1:colcon.colcon_core.package_identification:_identify(/home/main/voltron/Voltron-UTD.github.io-1/_site/assets/fonts/Noto-Sans-700italic) by extensions ['ignore', 'ignore_ament_install']
[0.241s] Level 1:colcon.colcon_core.package_identification:_identify(/home/main/voltron/Voltron-UTD.github.io-1/_site/assets/fonts/Noto-Sans-700italic) by extension 'ignore'
[0.241s] Level 1:colcon.colcon_core.package_identification:_identify(/home/main/voltron/Voltron-UTD.github.io-1/_site/assets/fonts/Noto-Sans-700italic) by extension 'ignore_ament_install'
[0.241s] Level 1:colcon.colcon_core.package_identification:_identify(/home/main/voltron/Voltron-UTD.github.io-1/_site/assets/fonts/Noto-Sans-700italic) by extensions ['colcon_pkg']
[0.241s] Level 1:colcon.colcon_core.package_identification:_identify(/home/main/voltron/Voltron-UTD.github.io-1/_site/assets/fonts/Noto-Sans-700italic) by extension 'colcon_pkg'
[0.241s] Level 1:colcon.colcon_core.package_identification:_identify(/home/main/voltron/Voltron-UTD.github.io-1/_site/assets/fonts/Noto-Sans-700italic) by extensions ['colcon_meta']
[0.241s] Level 1:colcon.colcon_core.package_identification:_identify(/home/main/voltron/Voltron-UTD.github.io-1/_site/assets/fonts/Noto-Sans-700italic) by extension 'colcon_meta'
[0.241s] Level 1:colcon.colcon_core.package_identification:_identify(/home/main/voltron/Voltron-UTD.github.io-1/_site/assets/fonts/Noto-Sans-700italic) by extensions ['ros']
[0.241s] Level 1:colcon.colcon_core.package_identification:_identify(/home/main/voltron/Voltron-UTD.github.io-1/_site/assets/fonts/Noto-Sans-700italic) by extension 'ros'
[0.241s] Level 1:colcon.colcon_core.package_identification:_identify(/home/main/voltron/Voltron-UTD.github.io-1/_site/assets/fonts/Noto-Sans-700italic) by extensions ['cmake', 'python']
[0.241s] Level 1:colcon.colcon_core.package_identification:_identify(/home/main/voltron/Voltron-UTD.github.io-1/_site/assets/fonts/Noto-Sans-700italic) by extension 'cmake'
[0.242s] Level 1:colcon.colcon_core.package_identification:_identify(/home/main/voltron/Voltron-UTD.github.io-1/_site/assets/fonts/Noto-Sans-700italic) by extension 'python'
[0.242s] Level 1:colcon.colcon_core.package_identification:_identify(/home/main/voltron/Voltron-UTD.github.io-1/_site/assets/fonts/Noto-Sans-700italic) by extensions ['python_setup_py']
[0.242s] Level 1:colcon.colcon_core.package_identification:_identify(/home/main/voltron/Voltron-UTD.github.io-1/_site/assets/fonts/Noto-Sans-700italic) by extension 'python_setup_py'
[0.242s] Level 1:colcon.colcon_core.package_identification:_identify(/home/main/voltron/Voltron-UTD.github.io-1/_site/assets/fonts/Noto-Sans-italic) by extensions ['ignore', 'ignore_ament_install']
[0.242s] Level 1:colcon.colcon_core.package_identification:_identify(/home/main/voltron/Voltron-UTD.github.io-1/_site/assets/fonts/Noto-Sans-italic) by extension 'ignore'
[0.242s] Level 1:colcon.colcon_core.package_identification:_identify(/home/main/voltron/Voltron-UTD.github.io-1/_site/assets/fonts/Noto-Sans-italic) by extension 'ignore_ament_install'
[0.242s] Level 1:colcon.colcon_core.package_identification:_identify(/home/main/voltron/Voltron-UTD.github.io-1/_site/assets/fonts/Noto-Sans-italic) by extensions ['colcon_pkg']
[0.242s] Level 1:colcon.colcon_core.package_identification:_identify(/home/main/voltron/Voltron-UTD.github.io-1/_site/assets/fonts/Noto-Sans-italic) by extension 'colcon_pkg'
[0.242s] Level 1:colcon.colcon_core.package_identification:_identify(/home/main/voltron/Voltron-UTD.github.io-1/_site/assets/fonts/Noto-Sans-italic) by extensions ['colcon_meta']
[0.242s] Level 1:colcon.colcon_core.package_identification:_identify(/home/main/voltron/Voltron-UTD.github.io-1/_site/assets/fonts/Noto-Sans-italic) by extension 'colcon_meta'
[0.242s] Level 1:colcon.colcon_core.package_identification:_identify(/home/main/voltron/Voltron-UTD.github.io-1/_site/assets/fonts/Noto-Sans-italic) by extensions ['ros']
[0.242s] Level 1:colcon.colcon_core.package_identification:_identify(/home/main/voltron/Voltron-UTD.github.io-1/_site/assets/fonts/Noto-Sans-italic) by extension 'ros'
[0.242s] Level 1:colcon.colcon_core.package_identification:_identify(/home/main/voltron/Voltron-UTD.github.io-1/_site/assets/fonts/Noto-Sans-italic) by extensions ['cmake', 'python']
[0.242s] Level 1:colcon.colcon_core.package_identification:_identify(/home/main/voltron/Voltron-UTD.github.io-1/_site/assets/fonts/Noto-Sans-italic) by extension 'cmake'
[0.242s] Level 1:colcon.colcon_core.package_identification:_identify(/home/main/voltron/Voltron-UTD.github.io-1/_site/assets/fonts/Noto-Sans-italic) by extension 'python'
[0.242s] Level 1:colcon.colcon_core.package_identification:_identify(/home/main/voltron/Voltron-UTD.github.io-1/_site/assets/fonts/Noto-Sans-italic) by extensions ['python_setup_py']
[0.242s] Level 1:colcon.colcon_core.package_identification:_identify(/home/main/voltron/Voltron-UTD.github.io-1/_site/assets/fonts/Noto-Sans-italic) by extension 'python_setup_py'
[0.242s] Level 1:colcon.colcon_core.package_identification:_identify(/home/main/voltron/Voltron-UTD.github.io-1/_site/assets/fonts/Noto-Sans-regular) by extensions ['ignore', 'ignore_ament_install']
[0.242s] Level 1:colcon.colcon_core.package_identification:_identify(/home/main/voltron/Voltron-UTD.github.io-1/_site/assets/fonts/Noto-Sans-regular) by extension 'ignore'
[0.242s] Level 1:colcon.colcon_core.package_identification:_identify(/home/main/voltron/Voltron-UTD.github.io-1/_site/assets/fonts/Noto-Sans-regular) by extension 'ignore_ament_install'
[0.242s] Level 1:colcon.colcon_core.package_identification:_identify(/home/main/voltron/Voltron-UTD.github.io-1/_site/assets/fonts/Noto-Sans-regular) by extensions ['colcon_pkg']
[0.242s] Level 1:colcon.colcon_core.package_identification:_identify(/home/main/voltron/Voltron-UTD.github.io-1/_site/assets/fonts/Noto-Sans-regular) by extension 'colcon_pkg'
[0.243s] Level 1:colcon.colcon_core.package_identification:_identify(/home/main/voltron/Voltron-UTD.github.io-1/_site/assets/fonts/Noto-Sans-regular) by extensions ['colcon_meta']
[0.243s] Level 1:colcon.colcon_core.package_identification:_identify(/home/main/voltron/Voltron-UTD.github.io-1/_site/assets/fonts/Noto-Sans-regular) by extension 'colcon_meta'
[0.243s] Level 1:colcon.colcon_core.package_identification:_identify(/home/main/voltron/Voltron-UTD.github.io-1/_site/assets/fonts/Noto-Sans-regular) by extensions ['ros']
[0.243s] Level 1:colcon.colcon_core.package_identification:_identify(/home/main/voltron/Voltron-UTD.github.io-1/_site/assets/fonts/Noto-Sans-regular) by extension 'ros'
[0.243s] Level 1:colcon.colcon_core.package_identification:_identify(/home/main/voltron/Voltron-UTD.github.io-1/_site/assets/fonts/Noto-Sans-regular) by extensions ['cmake', 'python']
[0.243s] Level 1:colcon.colcon_core.package_identification:_identify(/home/main/voltron/Voltron-UTD.github.io-1/_site/assets/fonts/Noto-Sans-regular) by extension 'cmake'
[0.243s] Level 1:colcon.colcon_core.package_identification:_identify(/home/main/voltron/Voltron-UTD.github.io-1/_site/assets/fonts/Noto-Sans-regular) by extension 'python'
[0.243s] Level 1:colcon.colcon_core.package_identification:_identify(/home/main/voltron/Voltron-UTD.github.io-1/_site/assets/fonts/Noto-Sans-regular) by extensions ['python_setup_py']
[0.243s] Level 1:colcon.colcon_core.package_identification:_identify(/home/main/voltron/Voltron-UTD.github.io-1/_site/assets/fonts/Noto-Sans-regular) by extension 'python_setup_py'
[0.243s] Level 1:colcon.colcon_core.package_identification:_identify(/home/main/voltron/Voltron-UTD.github.io-1/_site/assets/img) by extensions ['ignore', 'ignore_ament_install']
[0.243s] Level 1:colcon.colcon_core.package_identification:_identify(/home/main/voltron/Voltron-UTD.github.io-1/_site/assets/img) by extension 'ignore'
[0.243s] Level 1:colcon.colcon_core.package_identification:_identify(/home/main/voltron/Voltron-UTD.github.io-1/_site/assets/img) by extension 'ignore_ament_install'
[0.243s] Level 1:colcon.colcon_core.package_identification:_identify(/home/main/voltron/Voltron-UTD.github.io-1/_site/assets/img) by extensions ['colcon_pkg']
[0.243s] Level 1:colcon.colcon_core.package_identification:_identify(/home/main/voltron/Voltron-UTD.github.io-1/_site/assets/img) by extension 'colcon_pkg'
[0.243s] Level 1:colcon.colcon_core.package_identification:_identify(/home/main/voltron/Voltron-UTD.github.io-1/_site/assets/img) by extensions ['colcon_meta']
[0.243s] Level 1:colcon.colcon_core.package_identification:_identify(/home/main/voltron/Voltron-UTD.github.io-1/_site/assets/img) by extension 'colcon_meta'
[0.243s] Level 1:colcon.colcon_core.package_identification:_identify(/home/main/voltron/Voltron-UTD.github.io-1/_site/assets/img) by extensions ['ros']
[0.243s] Level 1:colcon.colcon_core.package_identification:_identify(/home/main/voltron/Voltron-UTD.github.io-1/_site/assets/img) by extension 'ros'
[0.243s] Level 1:colcon.colcon_core.package_identification:_identify(/home/main/voltron/Voltron-UTD.github.io-1/_site/assets/img) by extensions ['cmake', 'python']
[0.243s] Level 1:colcon.colcon_core.package_identification:_identify(/home/main/voltron/Voltron-UTD.github.io-1/_site/assets/img) by extension 'cmake'
[0.243s] Level 1:colcon.colcon_core.package_identification:_identify(/home/main/voltron/Voltron-UTD.github.io-1/_site/assets/img) by extension 'python'
[0.243s] Level 1:colcon.colcon_core.package_identification:_identify(/home/main/voltron/Voltron-UTD.github.io-1/_site/assets/img) by extensions ['python_setup_py']
[0.243s] Level 1:colcon.colcon_core.package_identification:_identify(/home/main/voltron/Voltron-UTD.github.io-1/_site/assets/img) by extension 'python_setup_py'
[0.244s] Level 1:colcon.colcon_core.package_identification:_identify(/home/main/voltron/Voltron-UTD.github.io-1/_site/assets/js) by extensions ['ignore', 'ignore_ament_install']
[0.244s] Level 1:colcon.colcon_core.package_identification:_identify(/home/main/voltron/Voltron-UTD.github.io-1/_site/assets/js) by extension 'ignore'
[0.244s] Level 1:colcon.colcon_core.package_identification:_identify(/home/main/voltron/Voltron-UTD.github.io-1/_site/assets/js) by extension 'ignore_ament_install'
[0.244s] Level 1:colcon.colcon_core.package_identification:_identify(/home/main/voltron/Voltron-UTD.github.io-1/_site/assets/js) by extensions ['colcon_pkg']
[0.244s] Level 1:colcon.colcon_core.package_identification:_identify(/home/main/voltron/Voltron-UTD.github.io-1/_site/assets/js) by extension 'colcon_pkg'
[0.244s] Level 1:colcon.colcon_core.package_identification:_identify(/home/main/voltron/Voltron-UTD.github.io-1/_site/assets/js) by extensions ['colcon_meta']
[0.244s] Level 1:colcon.colcon_core.package_identification:_identify(/home/main/voltron/Voltron-UTD.github.io-1/_site/assets/js) by extension 'colcon_meta'
[0.244s] Level 1:colcon.colcon_core.package_identification:_identify(/home/main/voltron/Voltron-UTD.github.io-1/_site/assets/js) by extensions ['ros']
[0.244s] Level 1:colcon.colcon_core.package_identification:_identify(/home/main/voltron/Voltron-UTD.github.io-1/_site/assets/js) by extension 'ros'
[0.244s] Level 1:colcon.colcon_core.package_identification:_identify(/home/main/voltron/Voltron-UTD.github.io-1/_site/assets/js) by extensions ['cmake', 'python']
[0.244s] Level 1:colcon.colcon_core.package_identification:_identify(/home/main/voltron/Voltron-UTD.github.io-1/_site/assets/js) by extension 'cmake'
[0.244s] Level 1:colcon.colcon_core.package_identification:_identify(/home/main/voltron/Voltron-UTD.github.io-1/_site/assets/js) by extension 'python'
[0.244s] Level 1:colcon.colcon_core.package_identification:_identify(/home/main/voltron/Voltron-UTD.github.io-1/_site/assets/js) by extensions ['python_setup_py']
[0.244s] Level 1:colcon.colcon_core.package_identification:_identify(/home/main/voltron/Voltron-UTD.github.io-1/_site/assets/js) by extension 'python_setup_py'
[0.244s] Level 1:colcon.colcon_core.package_identification:_identify(/home/main/voltron/Voltron-UTD.github.io-1/_site/assets/res) by extensions ['ignore', 'ignore_ament_install']
[0.244s] Level 1:colcon.colcon_core.package_identification:_identify(/home/main/voltron/Voltron-UTD.github.io-1/_site/assets/res) by extension 'ignore'
[0.244s] Level 1:colcon.colcon_core.package_identification:_identify(/home/main/voltron/Voltron-UTD.github.io-1/_site/assets/res) by extension 'ignore_ament_install'
[0.244s] Level 1:colcon.colcon_core.package_identification:_identify(/home/main/voltron/Voltron-UTD.github.io-1/_site/assets/res) by extensions ['colcon_pkg']
[0.244s] Level 1:colcon.colcon_core.package_identification:_identify(/home/main/voltron/Voltron-UTD.github.io-1/_site/assets/res) by extension 'colcon_pkg'
[0.244s] Level 1:colcon.colcon_core.package_identification:_identify(/home/main/voltron/Voltron-UTD.github.io-1/_site/assets/res) by extensions ['colcon_meta']
[0.244s] Level 1:colcon.colcon_core.package_identification:_identify(/home/main/voltron/Voltron-UTD.github.io-1/_site/assets/res) by extension 'colcon_meta'
[0.244s] Level 1:colcon.colcon_core.package_identification:_identify(/home/main/voltron/Voltron-UTD.github.io-1/_site/assets/res) by extensions ['ros']
[0.244s] Level 1:colcon.colcon_core.package_identification:_identify(/home/main/voltron/Voltron-UTD.github.io-1/_site/assets/res) by extension 'ros'
[0.245s] Level 1:colcon.colcon_core.package_identification:_identify(/home/main/voltron/Voltron-UTD.github.io-1/_site/assets/res) by extensions ['cmake', 'python']
[0.245s] Level 1:colcon.colcon_core.package_identification:_identify(/home/main/voltron/Voltron-UTD.github.io-1/_site/assets/res) by extension 'cmake'
[0.245s] Level 1:colcon.colcon_core.package_identification:_identify(/home/main/voltron/Voltron-UTD.github.io-1/_site/assets/res) by extension 'python'
[0.245s] Level 1:colcon.colcon_core.package_identification:_identify(/home/main/voltron/Voltron-UTD.github.io-1/_site/assets/res) by extensions ['python_setup_py']
[0.245s] Level 1:colcon.colcon_core.package_identification:_identify(/home/main/voltron/Voltron-UTD.github.io-1/_site/assets/res) by extension 'python_setup_py'
[0.245s] Level 1:colcon.colcon_core.package_identification:_identify(/home/main/voltron/Voltron-UTD.github.io-1/_site/assets/res/pfp) by extensions ['ignore', 'ignore_ament_install']
[0.245s] Level 1:colcon.colcon_core.package_identification:_identify(/home/main/voltron/Voltron-UTD.github.io-1/_site/assets/res/pfp) by extension 'ignore'
[0.245s] Level 1:colcon.colcon_core.package_identification:_identify(/home/main/voltron/Voltron-UTD.github.io-1/_site/assets/res/pfp) by extension 'ignore_ament_install'
[0.245s] Level 1:colcon.colcon_core.package_identification:_identify(/home/main/voltron/Voltron-UTD.github.io-1/_site/assets/res/pfp) by extensions ['colcon_pkg']
[0.245s] Level 1:colcon.colcon_core.package_identification:_identify(/home/main/voltron/Voltron-UTD.github.io-1/_site/assets/res/pfp) by extension 'colcon_pkg'
[0.245s] Level 1:colcon.colcon_core.package_identification:_identify(/home/main/voltron/Voltron-UTD.github.io-1/_site/assets/res/pfp) by extensions ['colcon_meta']
[0.245s] Level 1:colcon.colcon_core.package_identification:_identify(/home/main/voltron/Voltron-UTD.github.io-1/_site/assets/res/pfp) by extension 'colcon_meta'
[0.245s] Level 1:colcon.colcon_core.package_identification:_identify(/home/main/voltron/Voltron-UTD.github.io-1/_site/assets/res/pfp) by extensions ['ros']
[0.245s] Level 1:colcon.colcon_core.package_identification:_identify(/home/main/voltron/Voltron-UTD.github.io-1/_site/assets/res/pfp) by extension 'ros'
[0.245s] Level 1:colcon.colcon_core.package_identification:_identify(/home/main/voltron/Voltron-UTD.github.io-1/_site/assets/res/pfp) by extensions ['cmake', 'python']
[0.245s] Level 1:colcon.colcon_core.package_identification:_identify(/home/main/voltron/Voltron-UTD.github.io-1/_site/assets/res/pfp) by extension 'cmake'
[0.245s] Level 1:colcon.colcon_core.package_identification:_identify(/home/main/voltron/Voltron-UTD.github.io-1/_site/assets/res/pfp) by extension 'python'
[0.245s] Level 1:colcon.colcon_core.package_identification:_identify(/home/main/voltron/Voltron-UTD.github.io-1/_site/assets/res/pfp) by extensions ['python_setup_py']
[0.245s] Level 1:colcon.colcon_core.package_identification:_identify(/home/main/voltron/Voltron-UTD.github.io-1/_site/assets/res/pfp) by extension 'python_setup_py'
[0.245s] Level 1:colcon.colcon_core.package_identification:_identify(/home/main/voltron/Voltron-UTD.github.io-1/_site/assets/res/pfp/Demo 1 Team Pictures-selected) by extensions ['ignore', 'ignore_ament_install']
[0.246s] Level 1:colcon.colcon_core.package_identification:_identify(/home/main/voltron/Voltron-UTD.github.io-1/_site/assets/res/pfp/Demo 1 Team Pictures-selected) by extension 'ignore'
[0.246s] Level 1:colcon.colcon_core.package_identification:_identify(/home/main/voltron/Voltron-UTD.github.io-1/_site/assets/res/pfp/Demo 1 Team Pictures-selected) by extension 'ignore_ament_install'
[0.246s] Level 1:colcon.colcon_core.package_identification:_identify(/home/main/voltron/Voltron-UTD.github.io-1/_site/assets/res/pfp/Demo 1 Team Pictures-selected) by extensions ['colcon_pkg']
[0.246s] Level 1:colcon.colcon_core.package_identification:_identify(/home/main/voltron/Voltron-UTD.github.io-1/_site/assets/res/pfp/Demo 1 Team Pictures-selected) by extension 'colcon_pkg'
[0.246s] Level 1:colcon.colcon_core.package_identification:_identify(/home/main/voltron/Voltron-UTD.github.io-1/_site/assets/res/pfp/Demo 1 Team Pictures-selected) by extensions ['colcon_meta']
[0.246s] Level 1:colcon.colcon_core.package_identification:_identify(/home/main/voltron/Voltron-UTD.github.io-1/_site/assets/res/pfp/Demo 1 Team Pictures-selected) by extension 'colcon_meta'
[0.246s] Level 1:colcon.colcon_core.package_identification:_identify(/home/main/voltron/Voltron-UTD.github.io-1/_site/assets/res/pfp/Demo 1 Team Pictures-selected) by extensions ['ros']
[0.246s] Level 1:colcon.colcon_core.package_identification:_identify(/home/main/voltron/Voltron-UTD.github.io-1/_site/assets/res/pfp/Demo 1 Team Pictures-selected) by extension 'ros'
[0.246s] Level 1:colcon.colcon_core.package_identification:_identify(/home/main/voltron/Voltron-UTD.github.io-1/_site/assets/res/pfp/Demo 1 Team Pictures-selected) by extensions ['cmake', 'python']
[0.246s] Level 1:colcon.colcon_core.package_identification:_identify(/home/main/voltron/Voltron-UTD.github.io-1/_site/assets/res/pfp/Demo 1 Team Pictures-selected) by extension 'cmake'
[0.246s] Level 1:colcon.colcon_core.package_identification:_identify(/home/main/voltron/Voltron-UTD.github.io-1/_site/assets/res/pfp/Demo 1 Team Pictures-selected) by extension 'python'
[0.246s] Level 1:colcon.colcon_core.package_identification:_identify(/home/main/voltron/Voltron-UTD.github.io-1/_site/assets/res/pfp/Demo 1 Team Pictures-selected) by extensions ['python_setup_py']
[0.246s] Level 1:colcon.colcon_core.package_identification:_identify(/home/main/voltron/Voltron-UTD.github.io-1/_site/assets/res/pfp/Demo 1 Team Pictures-selected) by extension 'python_setup_py'
[0.246s] Level 1:colcon.colcon_core.package_identification:_identify(/home/main/voltron/Voltron-UTD.github.io-1/_site/simulation) by extensions ['ignore', 'ignore_ament_install']
[0.246s] Level 1:colcon.colcon_core.package_identification:_identify(/home/main/voltron/Voltron-UTD.github.io-1/_site/simulation) by extension 'ignore'
[0.246s] Level 1:colcon.colcon_core.package_identification:_identify(/home/main/voltron/Voltron-UTD.github.io-1/_site/simulation) by extension 'ignore_ament_install'
[0.246s] Level 1:colcon.colcon_core.package_identification:_identify(/home/main/voltron/Voltron-UTD.github.io-1/_site/simulation) by extensions ['colcon_pkg']
[0.246s] Level 1:colcon.colcon_core.package_identification:_identify(/home/main/voltron/Voltron-UTD.github.io-1/_site/simulation) by extension 'colcon_pkg'
[0.246s] Level 1:colcon.colcon_core.package_identification:_identify(/home/main/voltron/Voltron-UTD.github.io-1/_site/simulation) by extensions ['colcon_meta']
[0.246s] Level 1:colcon.colcon_core.package_identification:_identify(/home/main/voltron/Voltron-UTD.github.io-1/_site/simulation) by extension 'colcon_meta'
[0.246s] Level 1:colcon.colcon_core.package_identification:_identify(/home/main/voltron/Voltron-UTD.github.io-1/_site/simulation) by extensions ['ros']
[0.246s] Level 1:colcon.colcon_core.package_identification:_identify(/home/main/voltron/Voltron-UTD.github.io-1/_site/simulation) by extension 'ros'
[0.246s] Level 1:colcon.colcon_core.package_identification:_identify(/home/main/voltron/Voltron-UTD.github.io-1/_site/simulation) by extensions ['cmake', 'python']
[0.247s] Level 1:colcon.colcon_core.package_identification:_identify(/home/main/voltron/Voltron-UTD.github.io-1/_site/simulation) by extension 'cmake'
[0.247s] Level 1:colcon.colcon_core.package_identification:_identify(/home/main/voltron/Voltron-UTD.github.io-1/_site/simulation) by extension 'python'
[0.247s] Level 1:colcon.colcon_core.package_identification:_identify(/home/main/voltron/Voltron-UTD.github.io-1/_site/simulation) by extensions ['python_setup_py']
[0.247s] Level 1:colcon.colcon_core.package_identification:_identify(/home/main/voltron/Voltron-UTD.github.io-1/_site/simulation) by extension 'python_setup_py'
[0.247s] Level 1:colcon.colcon_core.package_identification:_identify(/home/main/voltron/Voltron-UTD.github.io-1/_site/simulation/2021) by extensions ['ignore', 'ignore_ament_install']
[0.247s] Level 1:colcon.colcon_core.package_identification:_identify(/home/main/voltron/Voltron-UTD.github.io-1/_site/simulation/2021) by extension 'ignore'
[0.247s] Level 1:colcon.colcon_core.package_identification:_identify(/home/main/voltron/Voltron-UTD.github.io-1/_site/simulation/2021) by extension 'ignore_ament_install'
[0.247s] Level 1:colcon.colcon_core.package_identification:_identify(/home/main/voltron/Voltron-UTD.github.io-1/_site/simulation/2021) by extensions ['colcon_pkg']
[0.247s] Level 1:colcon.colcon_core.package_identification:_identify(/home/main/voltron/Voltron-UTD.github.io-1/_site/simulation/2021) by extension 'colcon_pkg'
[0.247s] Level 1:colcon.colcon_core.package_identification:_identify(/home/main/voltron/Voltron-UTD.github.io-1/_site/simulation/2021) by extensions ['colcon_meta']
[0.247s] Level 1:colcon.colcon_core.package_identification:_identify(/home/main/voltron/Voltron-UTD.github.io-1/_site/simulation/2021) by extension 'colcon_meta'
[0.247s] Level 1:colcon.colcon_core.package_identification:_identify(/home/main/voltron/Voltron-UTD.github.io-1/_site/simulation/2021) by extensions ['ros']
[0.247s] Level 1:colcon.colcon_core.package_identification:_identify(/home/main/voltron/Voltron-UTD.github.io-1/_site/simulation/2021) by extension 'ros'
[0.247s] Level 1:colcon.colcon_core.package_identification:_identify(/home/main/voltron/Voltron-UTD.github.io-1/_site/simulation/2021) by extensions ['cmake', 'python']
[0.247s] Level 1:colcon.colcon_core.package_identification:_identify(/home/main/voltron/Voltron-UTD.github.io-1/_site/simulation/2021) by extension 'cmake'
[0.247s] Level 1:colcon.colcon_core.package_identification:_identify(/home/main/voltron/Voltron-UTD.github.io-1/_site/simulation/2021) by extension 'python'
[0.247s] Level 1:colcon.colcon_core.package_identification:_identify(/home/main/voltron/Voltron-UTD.github.io-1/_site/simulation/2021) by extensions ['python_setup_py']
[0.247s] Level 1:colcon.colcon_core.package_identification:_identify(/home/main/voltron/Voltron-UTD.github.io-1/_site/simulation/2021) by extension 'python_setup_py'
[0.247s] Level 1:colcon.colcon_core.package_identification:_identify(/home/main/voltron/Voltron-UTD.github.io-1/_site/simulation/2021/08) by extensions ['ignore', 'ignore_ament_install']
[0.247s] Level 1:colcon.colcon_core.package_identification:_identify(/home/main/voltron/Voltron-UTD.github.io-1/_site/simulation/2021/08) by extension 'ignore'
[0.247s] Level 1:colcon.colcon_core.package_identification:_identify(/home/main/voltron/Voltron-UTD.github.io-1/_site/simulation/2021/08) by extension 'ignore_ament_install'
[0.247s] Level 1:colcon.colcon_core.package_identification:_identify(/home/main/voltron/Voltron-UTD.github.io-1/_site/simulation/2021/08) by extensions ['colcon_pkg']
[0.248s] Level 1:colcon.colcon_core.package_identification:_identify(/home/main/voltron/Voltron-UTD.github.io-1/_site/simulation/2021/08) by extension 'colcon_pkg'
[0.248s] Level 1:colcon.colcon_core.package_identification:_identify(/home/main/voltron/Voltron-UTD.github.io-1/_site/simulation/2021/08) by extensions ['colcon_meta']
[0.248s] Level 1:colcon.colcon_core.package_identification:_identify(/home/main/voltron/Voltron-UTD.github.io-1/_site/simulation/2021/08) by extension 'colcon_meta'
[0.248s] Level 1:colcon.colcon_core.package_identification:_identify(/home/main/voltron/Voltron-UTD.github.io-1/_site/simulation/2021/08) by extensions ['ros']
[0.248s] Level 1:colcon.colcon_core.package_identification:_identify(/home/main/voltron/Voltron-UTD.github.io-1/_site/simulation/2021/08) by extension 'ros'
[0.248s] Level 1:colcon.colcon_core.package_identification:_identify(/home/main/voltron/Voltron-UTD.github.io-1/_site/simulation/2021/08) by extensions ['cmake', 'python']
[0.248s] Level 1:colcon.colcon_core.package_identification:_identify(/home/main/voltron/Voltron-UTD.github.io-1/_site/simulation/2021/08) by extension 'cmake'
[0.248s] Level 1:colcon.colcon_core.package_identification:_identify(/home/main/voltron/Voltron-UTD.github.io-1/_site/simulation/2021/08) by extension 'python'
[0.248s] Level 1:colcon.colcon_core.package_identification:_identify(/home/main/voltron/Voltron-UTD.github.io-1/_site/simulation/2021/08) by extensions ['python_setup_py']
[0.248s] Level 1:colcon.colcon_core.package_identification:_identify(/home/main/voltron/Voltron-UTD.github.io-1/_site/simulation/2021/08) by extension 'python_setup_py'
[0.248s] Level 1:colcon.colcon_core.package_identification:_identify(/home/main/voltron/Voltron-UTD.github.io-1/_site/simulation/2021/08/03) by extensions ['ignore', 'ignore_ament_install']
[0.248s] Level 1:colcon.colcon_core.package_identification:_identify(/home/main/voltron/Voltron-UTD.github.io-1/_site/simulation/2021/08/03) by extension 'ignore'
[0.248s] Level 1:colcon.colcon_core.package_identification:_identify(/home/main/voltron/Voltron-UTD.github.io-1/_site/simulation/2021/08/03) by extension 'ignore_ament_install'
[0.248s] Level 1:colcon.colcon_core.package_identification:_identify(/home/main/voltron/Voltron-UTD.github.io-1/_site/simulation/2021/08/03) by extensions ['colcon_pkg']
[0.248s] Level 1:colcon.colcon_core.package_identification:_identify(/home/main/voltron/Voltron-UTD.github.io-1/_site/simulation/2021/08/03) by extension 'colcon_pkg'
[0.248s] Level 1:colcon.colcon_core.package_identification:_identify(/home/main/voltron/Voltron-UTD.github.io-1/_site/simulation/2021/08/03) by extensions ['colcon_meta']
[0.248s] Level 1:colcon.colcon_core.package_identification:_identify(/home/main/voltron/Voltron-UTD.github.io-1/_site/simulation/2021/08/03) by extension 'colcon_meta'
[0.248s] Level 1:colcon.colcon_core.package_identification:_identify(/home/main/voltron/Voltron-UTD.github.io-1/_site/simulation/2021/08/03) by extensions ['ros']
[0.248s] Level 1:colcon.colcon_core.package_identification:_identify(/home/main/voltron/Voltron-UTD.github.io-1/_site/simulation/2021/08/03) by extension 'ros'
[0.248s] Level 1:colcon.colcon_core.package_identification:_identify(/home/main/voltron/Voltron-UTD.github.io-1/_site/simulation/2021/08/03) by extensions ['cmake', 'python']
[0.248s] Level 1:colcon.colcon_core.package_identification:_identify(/home/main/voltron/Voltron-UTD.github.io-1/_site/simulation/2021/08/03) by extension 'cmake'
[0.248s] Level 1:colcon.colcon_core.package_identification:_identify(/home/main/voltron/Voltron-UTD.github.io-1/_site/simulation/2021/08/03) by extension 'python'
[0.248s] Level 1:colcon.colcon_core.package_identification:_identify(/home/main/voltron/Voltron-UTD.github.io-1/_site/simulation/2021/08/03) by extensions ['python_setup_py']
[0.248s] Level 1:colcon.colcon_core.package_identification:_identify(/home/main/voltron/Voltron-UTD.github.io-1/_site/simulation/2021/08/03) by extension 'python_setup_py'
[0.249s] Level 1:colcon.colcon_core.package_identification:_identify(/home/main/voltron/Voltron-UTD.github.io-1/_site/vde) by extensions ['ignore', 'ignore_ament_install']
[0.249s] Level 1:colcon.colcon_core.package_identification:_identify(/home/main/voltron/Voltron-UTD.github.io-1/_site/vde) by extension 'ignore'
[0.249s] Level 1:colcon.colcon_core.package_identification:_identify(/home/main/voltron/Voltron-UTD.github.io-1/_site/vde) by extension 'ignore_ament_install'
[0.249s] Level 1:colcon.colcon_core.package_identification:_identify(/home/main/voltron/Voltron-UTD.github.io-1/_site/vde) by extensions ['colcon_pkg']
[0.249s] Level 1:colcon.colcon_core.package_identification:_identify(/home/main/voltron/Voltron-UTD.github.io-1/_site/vde) by extension 'colcon_pkg'
[0.249s] Level 1:colcon.colcon_core.package_identification:_identify(/home/main/voltron/Voltron-UTD.github.io-1/_site/vde) by extensions ['colcon_meta']
[0.249s] Level 1:colcon.colcon_core.package_identification:_identify(/home/main/voltron/Voltron-UTD.github.io-1/_site/vde) by extension 'colcon_meta'
[0.249s] Level 1:colcon.colcon_core.package_identification:_identify(/home/main/voltron/Voltron-UTD.github.io-1/_site/vde) by extensions ['ros']
[0.249s] Level 1:colcon.colcon_core.package_identification:_identify(/home/main/voltron/Voltron-UTD.github.io-1/_site/vde) by extension 'ros'
[0.249s] Level 1:colcon.colcon_core.package_identification:_identify(/home/main/voltron/Voltron-UTD.github.io-1/_site/vde) by extensions ['cmake', 'python']
[0.249s] Level 1:colcon.colcon_core.package_identification:_identify(/home/main/voltron/Voltron-UTD.github.io-1/_site/vde) by extension 'cmake'
[0.249s] Level 1:colcon.colcon_core.package_identification:_identify(/home/main/voltron/Voltron-UTD.github.io-1/_site/vde) by extension 'python'
[0.249s] Level 1:colcon.colcon_core.package_identification:_identify(/home/main/voltron/Voltron-UTD.github.io-1/_site/vde) by extensions ['python_setup_py']
[0.249s] Level 1:colcon.colcon_core.package_identification:_identify(/home/main/voltron/Voltron-UTD.github.io-1/_site/vde) by extension 'python_setup_py'
[0.249s] Level 1:colcon.colcon_core.package_identification:_identify(/home/main/voltron/Voltron-UTD.github.io-1/_site/vde/2021) by extensions ['ignore', 'ignore_ament_install']
[0.249s] Level 1:colcon.colcon_core.package_identification:_identify(/home/main/voltron/Voltron-UTD.github.io-1/_site/vde/2021) by extension 'ignore'
[0.249s] Level 1:colcon.colcon_core.package_identification:_identify(/home/main/voltron/Voltron-UTD.github.io-1/_site/vde/2021) by extension 'ignore_ament_install'
[0.249s] Level 1:colcon.colcon_core.package_identification:_identify(/home/main/voltron/Voltron-UTD.github.io-1/_site/vde/2021) by extensions ['colcon_pkg']
[0.249s] Level 1:colcon.colcon_core.package_identification:_identify(/home/main/voltron/Voltron-UTD.github.io-1/_site/vde/2021) by extension 'colcon_pkg'
[0.249s] Level 1:colcon.colcon_core.package_identification:_identify(/home/main/voltron/Voltron-UTD.github.io-1/_site/vde/2021) by extensions ['colcon_meta']
[0.249s] Level 1:colcon.colcon_core.package_identification:_identify(/home/main/voltron/Voltron-UTD.github.io-1/_site/vde/2021) by extension 'colcon_meta'
[0.249s] Level 1:colcon.colcon_core.package_identification:_identify(/home/main/voltron/Voltron-UTD.github.io-1/_site/vde/2021) by extensions ['ros']
[0.249s] Level 1:colcon.colcon_core.package_identification:_identify(/home/main/voltron/Voltron-UTD.github.io-1/_site/vde/2021) by extension 'ros'
[0.250s] Level 1:colcon.colcon_core.package_identification:_identify(/home/main/voltron/Voltron-UTD.github.io-1/_site/vde/2021) by extensions ['cmake', 'python']
[0.250s] Level 1:colcon.colcon_core.package_identification:_identify(/home/main/voltron/Voltron-UTD.github.io-1/_site/vde/2021) by extension 'cmake'
[0.250s] Level 1:colcon.colcon_core.package_identification:_identify(/home/main/voltron/Voltron-UTD.github.io-1/_site/vde/2021) by extension 'python'
[0.250s] Level 1:colcon.colcon_core.package_identification:_identify(/home/main/voltron/Voltron-UTD.github.io-1/_site/vde/2021) by extensions ['python_setup_py']
[0.250s] Level 1:colcon.colcon_core.package_identification:_identify(/home/main/voltron/Voltron-UTD.github.io-1/_site/vde/2021) by extension 'python_setup_py'
[0.250s] Level 1:colcon.colcon_core.package_identification:_identify(/home/main/voltron/Voltron-UTD.github.io-1/_site/vde/2021/08) by extensions ['ignore', 'ignore_ament_install']
[0.250s] Level 1:colcon.colcon_core.package_identification:_identify(/home/main/voltron/Voltron-UTD.github.io-1/_site/vde/2021/08) by extension 'ignore'
[0.250s] Level 1:colcon.colcon_core.package_identification:_identify(/home/main/voltron/Voltron-UTD.github.io-1/_site/vde/2021/08) by extension 'ignore_ament_install'
[0.250s] Level 1:colcon.colcon_core.package_identification:_identify(/home/main/voltron/Voltron-UTD.github.io-1/_site/vde/2021/08) by extensions ['colcon_pkg']
[0.250s] Level 1:colcon.colcon_core.package_identification:_identify(/home/main/voltron/Voltron-UTD.github.io-1/_site/vde/2021/08) by extension 'colcon_pkg'
[0.250s] Level 1:colcon.colcon_core.package_identification:_identify(/home/main/voltron/Voltron-UTD.github.io-1/_site/vde/2021/08) by extensions ['colcon_meta']
[0.250s] Level 1:colcon.colcon_core.package_identification:_identify(/home/main/voltron/Voltron-UTD.github.io-1/_site/vde/2021/08) by extension 'colcon_meta'
[0.250s] Level 1:colcon.colcon_core.package_identification:_identify(/home/main/voltron/Voltron-UTD.github.io-1/_site/vde/2021/08) by extensions ['ros']
[0.250s] Level 1:colcon.colcon_core.package_identification:_identify(/home/main/voltron/Voltron-UTD.github.io-1/_site/vde/2021/08) by extension 'ros'
[0.250s] Level 1:colcon.colcon_core.package_identification:_identify(/home/main/voltron/Voltron-UTD.github.io-1/_site/vde/2021/08) by extensions ['cmake', 'python']
[0.250s] Level 1:colcon.colcon_core.package_identification:_identify(/home/main/voltron/Voltron-UTD.github.io-1/_site/vde/2021/08) by extension 'cmake'
[0.250s] Level 1:colcon.colcon_core.package_identification:_identify(/home/main/voltron/Voltron-UTD.github.io-1/_site/vde/2021/08) by extension 'python'
[0.250s] Level 1:colcon.colcon_core.package_identification:_identify(/home/main/voltron/Voltron-UTD.github.io-1/_site/vde/2021/08) by extensions ['python_setup_py']
[0.250s] Level 1:colcon.colcon_core.package_identification:_identify(/home/main/voltron/Voltron-UTD.github.io-1/_site/vde/2021/08) by extension 'python_setup_py'
[0.250s] Level 1:colcon.colcon_core.package_identification:_identify(/home/main/voltron/Voltron-UTD.github.io-1/_site/vde/2021/08/03) by extensions ['ignore', 'ignore_ament_install']
[0.250s] Level 1:colcon.colcon_core.package_identification:_identify(/home/main/voltron/Voltron-UTD.github.io-1/_site/vde/2021/08/03) by extension 'ignore'
[0.250s] Level 1:colcon.colcon_core.package_identification:_identify(/home/main/voltron/Voltron-UTD.github.io-1/_site/vde/2021/08/03) by extension 'ignore_ament_install'
[0.251s] Level 1:colcon.colcon_core.package_identification:_identify(/home/main/voltron/Voltron-UTD.github.io-1/_site/vde/2021/08/03) by extensions ['colcon_pkg']
[0.251s] Level 1:colcon.colcon_core.package_identification:_identify(/home/main/voltron/Voltron-UTD.github.io-1/_site/vde/2021/08/03) by extension 'colcon_pkg'
[0.251s] Level 1:colcon.colcon_core.package_identification:_identify(/home/main/voltron/Voltron-UTD.github.io-1/_site/vde/2021/08/03) by extensions ['colcon_meta']
[0.251s] Level 1:colcon.colcon_core.package_identification:_identify(/home/main/voltron/Voltron-UTD.github.io-1/_site/vde/2021/08/03) by extension 'colcon_meta'
[0.251s] Level 1:colcon.colcon_core.package_identification:_identify(/home/main/voltron/Voltron-UTD.github.io-1/_site/vde/2021/08/03) by extensions ['ros']
[0.251s] Level 1:colcon.colcon_core.package_identification:_identify(/home/main/voltron/Voltron-UTD.github.io-1/_site/vde/2021/08/03) by extension 'ros'
[0.251s] Level 1:colcon.colcon_core.package_identification:_identify(/home/main/voltron/Voltron-UTD.github.io-1/_site/vde/2021/08/03) by extensions ['cmake', 'python']
[0.251s] Level 1:colcon.colcon_core.package_identification:_identify(/home/main/voltron/Voltron-UTD.github.io-1/_site/vde/2021/08/03) by extension 'cmake'
[0.251s] Level 1:colcon.colcon_core.package_identification:_identify(/home/main/voltron/Voltron-UTD.github.io-1/_site/vde/2021/08/03) by extension 'python'
[0.251s] Level 1:colcon.colcon_core.package_identification:_identify(/home/main/voltron/Voltron-UTD.github.io-1/_site/vde/2021/08/03) by extensions ['python_setup_py']
[0.251s] Level 1:colcon.colcon_core.package_identification:_identify(/home/main/voltron/Voltron-UTD.github.io-1/_site/vde/2021/08/03) by extension 'python_setup_py'
[0.251s] Level 1:colcon.colcon_core.package_identification:_identify(/home/main/voltron/Voltron-UTD.github.io-1/assets) by extensions ['ignore', 'ignore_ament_install']
[0.251s] Level 1:colcon.colcon_core.package_identification:_identify(/home/main/voltron/Voltron-UTD.github.io-1/assets) by extension 'ignore'
[0.251s] Level 1:colcon.colcon_core.package_identification:_identify(/home/main/voltron/Voltron-UTD.github.io-1/assets) by extension 'ignore_ament_install'
[0.251s] Level 1:colcon.colcon_core.package_identification:_identify(/home/main/voltron/Voltron-UTD.github.io-1/assets) by extensions ['colcon_pkg']
[0.251s] Level 1:colcon.colcon_core.package_identification:_identify(/home/main/voltron/Voltron-UTD.github.io-1/assets) by extension 'colcon_pkg'
[0.251s] Level 1:colcon.colcon_core.package_identification:_identify(/home/main/voltron/Voltron-UTD.github.io-1/assets) by extensions ['colcon_meta']
[0.251s] Level 1:colcon.colcon_core.package_identification:_identify(/home/main/voltron/Voltron-UTD.github.io-1/assets) by extension 'colcon_meta'
[0.251s] Level 1:colcon.colcon_core.package_identification:_identify(/home/main/voltron/Voltron-UTD.github.io-1/assets) by extensions ['ros']
[0.251s] Level 1:colcon.colcon_core.package_identification:_identify(/home/main/voltron/Voltron-UTD.github.io-1/assets) by extension 'ros'
[0.251s] Level 1:colcon.colcon_core.package_identification:_identify(/home/main/voltron/Voltron-UTD.github.io-1/assets) by extensions ['cmake', 'python']
[0.251s] Level 1:colcon.colcon_core.package_identification:_identify(/home/main/voltron/Voltron-UTD.github.io-1/assets) by extension 'cmake'
[0.251s] Level 1:colcon.colcon_core.package_identification:_identify(/home/main/voltron/Voltron-UTD.github.io-1/assets) by extension 'python'
[0.251s] Level 1:colcon.colcon_core.package_identification:_identify(/home/main/voltron/Voltron-UTD.github.io-1/assets) by extensions ['python_setup_py']
[0.252s] Level 1:colcon.colcon_core.package_identification:_identify(/home/main/voltron/Voltron-UTD.github.io-1/assets) by extension 'python_setup_py'
[0.252s] Level 1:colcon.colcon_core.package_identification:_identify(/home/main/voltron/Voltron-UTD.github.io-1/assets/css) by extensions ['ignore', 'ignore_ament_install']
[0.252s] Level 1:colcon.colcon_core.package_identification:_identify(/home/main/voltron/Voltron-UTD.github.io-1/assets/css) by extension 'ignore'
[0.252s] Level 1:colcon.colcon_core.package_identification:_identify(/home/main/voltron/Voltron-UTD.github.io-1/assets/css) by extension 'ignore_ament_install'
[0.252s] Level 1:colcon.colcon_core.package_identification:_identify(/home/main/voltron/Voltron-UTD.github.io-1/assets/css) by extensions ['colcon_pkg']
[0.252s] Level 1:colcon.colcon_core.package_identification:_identify(/home/main/voltron/Voltron-UTD.github.io-1/assets/css) by extension 'colcon_pkg'
[0.252s] Level 1:colcon.colcon_core.package_identification:_identify(/home/main/voltron/Voltron-UTD.github.io-1/assets/css) by extensions ['colcon_meta']
[0.252s] Level 1:colcon.colcon_core.package_identification:_identify(/home/main/voltron/Voltron-UTD.github.io-1/assets/css) by extension 'colcon_meta'
[0.252s] Level 1:colcon.colcon_core.package_identification:_identify(/home/main/voltron/Voltron-UTD.github.io-1/assets/css) by extensions ['ros']
[0.252s] Level 1:colcon.colcon_core.package_identification:_identify(/home/main/voltron/Voltron-UTD.github.io-1/assets/css) by extension 'ros'
[0.252s] Level 1:colcon.colcon_core.package_identification:_identify(/home/main/voltron/Voltron-UTD.github.io-1/assets/css) by extensions ['cmake', 'python']
[0.252s] Level 1:colcon.colcon_core.package_identification:_identify(/home/main/voltron/Voltron-UTD.github.io-1/assets/css) by extension 'cmake'
[0.252s] Level 1:colcon.colcon_core.package_identification:_identify(/home/main/voltron/Voltron-UTD.github.io-1/assets/css) by extension 'python'
[0.252s] Level 1:colcon.colcon_core.package_identification:_identify(/home/main/voltron/Voltron-UTD.github.io-1/assets/css) by extensions ['python_setup_py']
[0.252s] Level 1:colcon.colcon_core.package_identification:_identify(/home/main/voltron/Voltron-UTD.github.io-1/assets/css) by extension 'python_setup_py'
[0.252s] Level 1:colcon.colcon_core.package_identification:_identify(/home/main/voltron/Voltron-UTD.github.io-1/assets/res) by extensions ['ignore', 'ignore_ament_install']
[0.252s] Level 1:colcon.colcon_core.package_identification:_identify(/home/main/voltron/Voltron-UTD.github.io-1/assets/res) by extension 'ignore'
[0.252s] Level 1:colcon.colcon_core.package_identification:_identify(/home/main/voltron/Voltron-UTD.github.io-1/assets/res) by extension 'ignore_ament_install'
[0.252s] Level 1:colcon.colcon_core.package_identification:_identify(/home/main/voltron/Voltron-UTD.github.io-1/assets/res) by extensions ['colcon_pkg']
[0.252s] Level 1:colcon.colcon_core.package_identification:_identify(/home/main/voltron/Voltron-UTD.github.io-1/assets/res) by extension 'colcon_pkg'
[0.252s] Level 1:colcon.colcon_core.package_identification:_identify(/home/main/voltron/Voltron-UTD.github.io-1/assets/res) by extensions ['colcon_meta']
[0.252s] Level 1:colcon.colcon_core.package_identification:_identify(/home/main/voltron/Voltron-UTD.github.io-1/assets/res) by extension 'colcon_meta'
[0.252s] Level 1:colcon.colcon_core.package_identification:_identify(/home/main/voltron/Voltron-UTD.github.io-1/assets/res) by extensions ['ros']
[0.253s] Level 1:colcon.colcon_core.package_identification:_identify(/home/main/voltron/Voltron-UTD.github.io-1/assets/res) by extension 'ros'
[0.253s] Level 1:colcon.colcon_core.package_identification:_identify(/home/main/voltron/Voltron-UTD.github.io-1/assets/res) by extensions ['cmake', 'python']
[0.253s] Level 1:colcon.colcon_core.package_identification:_identify(/home/main/voltron/Voltron-UTD.github.io-1/assets/res) by extension 'cmake'
[0.253s] Level 1:colcon.colcon_core.package_identification:_identify(/home/main/voltron/Voltron-UTD.github.io-1/assets/res) by extension 'python'
[0.253s] Level 1:colcon.colcon_core.package_identification:_identify(/home/main/voltron/Voltron-UTD.github.io-1/assets/res) by extensions ['python_setup_py']
[0.253s] Level 1:colcon.colcon_core.package_identification:_identify(/home/main/voltron/Voltron-UTD.github.io-1/assets/res) by extension 'python_setup_py'
[0.253s] Level 1:colcon.colcon_core.package_identification:_identify(/home/main/voltron/Voltron-UTD.github.io-1/assets/res/pfp) by extensions ['ignore', 'ignore_ament_install']
[0.253s] Level 1:colcon.colcon_core.package_identification:_identify(/home/main/voltron/Voltron-UTD.github.io-1/assets/res/pfp) by extension 'ignore'
[0.253s] Level 1:colcon.colcon_core.package_identification:_identify(/home/main/voltron/Voltron-UTD.github.io-1/assets/res/pfp) by extension 'ignore_ament_install'
[0.253s] Level 1:colcon.colcon_core.package_identification:_identify(/home/main/voltron/Voltron-UTD.github.io-1/assets/res/pfp) by extensions ['colcon_pkg']
[0.253s] Level 1:colcon.colcon_core.package_identification:_identify(/home/main/voltron/Voltron-UTD.github.io-1/assets/res/pfp) by extension 'colcon_pkg'
[0.253s] Level 1:colcon.colcon_core.package_identification:_identify(/home/main/voltron/Voltron-UTD.github.io-1/assets/res/pfp) by extensions ['colcon_meta']
[0.253s] Level 1:colcon.colcon_core.package_identification:_identify(/home/main/voltron/Voltron-UTD.github.io-1/assets/res/pfp) by extension 'colcon_meta'
[0.253s] Level 1:colcon.colcon_core.package_identification:_identify(/home/main/voltron/Voltron-UTD.github.io-1/assets/res/pfp) by extensions ['ros']
[0.253s] Level 1:colcon.colcon_core.package_identification:_identify(/home/main/voltron/Voltron-UTD.github.io-1/assets/res/pfp) by extension 'ros'
[0.253s] Level 1:colcon.colcon_core.package_identification:_identify(/home/main/voltron/Voltron-UTD.github.io-1/assets/res/pfp) by extensions ['cmake', 'python']
[0.253s] Level 1:colcon.colcon_core.package_identification:_identify(/home/main/voltron/Voltron-UTD.github.io-1/assets/res/pfp) by extension 'cmake'
[0.253s] Level 1:colcon.colcon_core.package_identification:_identify(/home/main/voltron/Voltron-UTD.github.io-1/assets/res/pfp) by extension 'python'
[0.253s] Level 1:colcon.colcon_core.package_identification:_identify(/home/main/voltron/Voltron-UTD.github.io-1/assets/res/pfp) by extensions ['python_setup_py']
[0.253s] Level 1:colcon.colcon_core.package_identification:_identify(/home/main/voltron/Voltron-UTD.github.io-1/assets/res/pfp) by extension 'python_setup_py'
[0.253s] Level 1:colcon.colcon_core.package_identification:_identify(/home/main/voltron/Voltron-UTD.github.io-1/assets/res/pfp/Demo 1 Team Pictures-selected) by extensions ['ignore', 'ignore_ament_install']
[0.253s] Level 1:colcon.colcon_core.package_identification:_identify(/home/main/voltron/Voltron-UTD.github.io-1/assets/res/pfp/Demo 1 Team Pictures-selected) by extension 'ignore'
[0.254s] Level 1:colcon.colcon_core.package_identification:_identify(/home/main/voltron/Voltron-UTD.github.io-1/assets/res/pfp/Demo 1 Team Pictures-selected) by extension 'ignore_ament_install'
[0.254s] Level 1:colcon.colcon_core.package_identification:_identify(/home/main/voltron/Voltron-UTD.github.io-1/assets/res/pfp/Demo 1 Team Pictures-selected) by extensions ['colcon_pkg']
[0.254s] Level 1:colcon.colcon_core.package_identification:_identify(/home/main/voltron/Voltron-UTD.github.io-1/assets/res/pfp/Demo 1 Team Pictures-selected) by extension 'colcon_pkg'
[0.254s] Level 1:colcon.colcon_core.package_identification:_identify(/home/main/voltron/Voltron-UTD.github.io-1/assets/res/pfp/Demo 1 Team Pictures-selected) by extensions ['colcon_meta']
[0.254s] Level 1:colcon.colcon_core.package_identification:_identify(/home/main/voltron/Voltron-UTD.github.io-1/assets/res/pfp/Demo 1 Team Pictures-selected) by extension 'colcon_meta'
[0.254s] Level 1:colcon.colcon_core.package_identification:_identify(/home/main/voltron/Voltron-UTD.github.io-1/assets/res/pfp/Demo 1 Team Pictures-selected) by extensions ['ros']
[0.254s] Level 1:colcon.colcon_core.package_identification:_identify(/home/main/voltron/Voltron-UTD.github.io-1/assets/res/pfp/Demo 1 Team Pictures-selected) by extension 'ros'
[0.254s] Level 1:colcon.colcon_core.package_identification:_identify(/home/main/voltron/Voltron-UTD.github.io-1/assets/res/pfp/Demo 1 Team Pictures-selected) by extensions ['cmake', 'python']
[0.254s] Level 1:colcon.colcon_core.package_identification:_identify(/home/main/voltron/Voltron-UTD.github.io-1/assets/res/pfp/Demo 1 Team Pictures-selected) by extension 'cmake'
[0.254s] Level 1:colcon.colcon_core.package_identification:_identify(/home/main/voltron/Voltron-UTD.github.io-1/assets/res/pfp/Demo 1 Team Pictures-selected) by extension 'python'
[0.254s] Level 1:colcon.colcon_core.package_identification:_identify(/home/main/voltron/Voltron-UTD.github.io-1/assets/res/pfp/Demo 1 Team Pictures-selected) by extensions ['python_setup_py']
[0.254s] Level 1:colcon.colcon_core.package_identification:_identify(/home/main/voltron/Voltron-UTD.github.io-1/assets/res/pfp/Demo 1 Team Pictures-selected) by extension 'python_setup_py'
[0.254s] Level 1:colcon.colcon_core.package_identification:_identify(/home/main/voltron/Voltron-UTD.github.io-1/log) by extensions ['ignore', 'ignore_ament_install']
[0.254s] Level 1:colcon.colcon_core.package_identification:_identify(/home/main/voltron/Voltron-UTD.github.io-1/log) by extension 'ignore'
[0.254s] Level 1:colcon.colcon_core.package_identification:_identify(/home/main/voltron/Voltron-UTD.github.io-1/log) ignored
[0.254s] Level 1:colcon.colcon_core.package_discovery:discover_packages(recursive) using defaults
